<?xml version="1.0" encoding="UTF-8"?>
<testng-results ignored="0" total="1" passed="1" failed="0" skipped="0">
  <reporter-output>
  </reporter-output>
  <suite started-at="2023-08-05T13:56:34 IST" name="Default suite" finished-at="2023-08-05T13:56:34 IST" duration-ms="64">
    <groups>
    </groups>
    <test started-at="2023-08-05T13:56:34 IST" name="Default test" finished-at="2023-08-05T13:56:34 IST" duration-ms="64">
      <class name="package_new.test_class">
        <test-method signature="testclass()[pri:0, instance:package_new.test_class@2e222612]" started-at="2023-08-05T13:56:34 IST" name="testclass" finished-at="2023-08-05T13:56:34 IST" duration-ms="10" status="PASS">
          <reporter-output>
          </reporter-output>
        </test-method> <!-- testclass -->
      </class> <!-- package_new.test_class -->
    </test> <!-- Default test -->
  </suite> <!-- Default suite -->
</testng-results>
